Arguments: 
  C:\Program Files\nodejs\node.exe C:\Users\1\AppData\Roaming\npm\node_modules\yarn\bin\yarn.js add file-loader

PATH: 
  C:\Program Files\Git\mingw64\bin;C:\Program Files\Git\usr\bin;C:\Users\1\bin;C:\Windows\system32;C:\Windows;C:\Windows\System32\Wbem;C:\Windows\System32\WindowsPowerShell\v1.0;C:\Windows\System32\OpenSSH;C:\Program Files\Git\cmd;C:\Program Files\MongoDB\Server\4.2\bin;C:\Program Files\nodejs;C:\Users\1\AppData\Local\Microsoft\WindowsApps;C:\Users\1\AppData\Local\Programs\Microsoft VS Code\bin;C:\Users\1\AppData\Roaming\npm

Yarn version: 
  1.22.10

Node version: 
  15.4.0

Platform: 
  win32 x64

Trace: 
  Error: ENOENT: no such file or directory, copyfile 'C:\Users\1\AppData\Local\Yarn\Cache\v6\npm-kind-of-5.1.0-729c91e2d857b7a419a1f9aa65685c4c33f5845d-integrity\node_modules\kind-of\index.js' -> 'C:\Users\1\Desktop\2009\Webpack\webpack\node_modules\define-property\node_modules\kind-of\index.js'

npm manifest: 
  {
    "scripts": {
      "build": "webpack",
      "dev": "webpack-dev-server",
      "start": "webpack & webpack-dev-server"
    },
    "devDependencies": {
      "css-loader": "^5.0.1",
      "html-webpack-plugin": "^4.5.1",
      "style-loader": "^2.0.0",
      "url-loader": "^4.1.1",
      "webpack": "^5.11.1",
      "webpack-cli": "^3.3.12",
      "webpack-dev-server": "^3.0.0"
    }
  }

yarn manifest: 
  No manifest

Lockfile: 
  No lockfile
